DB CONNECT OPEN             - 200 - 07/02/2013 21:42:55.026733 +0400 (MSK)
>>> DELETED 00000002026 ROW - 200 - 07/02/2013 21:42:55.075982 +0400 (MSK)
PARSE [1] #            RTSI - 200 - 07/02/2013 21:42:55.076135 +0400 (MSK)
>>> SERVER:              OK - 200 - 07/02/2013 21:42:55.087267 +0400 (MSK)
>>> GET STRING: 00000002026 - 200 - 07/02/2013 21:42:55.100745 +0400 (MSK)
>>> WRITE ROW2DB: 000002026 - 200 - 07/02/2013 21:42:55.437950 +0400 (MSK)
DB CONNECT CLOSE            - 200 - 07/02/2013 21:42:55.490064 +0400 (MSK)
DB CONNECT OPEN             - 200 - 07/02/2013 21:45:14.227424 +0400 (MSK)
>>> DELETED 00000001958 ROW - 200 - 07/02/2013 21:45:14.323533 +0400 (MSK)
PARSE [1] #            RTS2 - 200 - 07/02/2013 21:45:14.323712 +0400 (MSK)
>>> SERVER:              OK - 200 - 07/02/2013 21:45:14.386909 +0400 (MSK)
>>> GET STRING: 00000001958 - 200 - 07/02/2013 21:45:14.400896 +0400 (MSK)
>>> WRITE ROW2DB: 000001958 - 200 - 07/02/2013 21:45:14.575028 +0400 (MSK)
DB CONNECT CLOSE            - 200 - 07/02/2013 21:45:14.621050 +0400 (MSK)
DB CONNECT OPEN             - 200 - 07/02/2013 21:51:53.428488 +0400 (MSK)
PARSE [1] #            RTS2 - 200 - 07/02/2013 21:51:53.429326 +0400 (MSK)
>>> SERVER:              OK - 200 - 07/02/2013 21:51:53.448378 +0400 (MSK)
>>> GET STRING: 00000000000 - 200 - 07/02/2013 21:51:53.448456 +0400 (MSK)
>>> WRITE ROW2DB: 000000000 - 200 - 07/02/2013 21:51:53.448482 +0400 (MSK)
DB CONNECT CLOSE            - 200 - 07/02/2013 21:51:53.448646 +0400 (MSK)
UNKNOW ADDITIONAL COMMAND   - 405 - 07/02/2013 21:53:55.929793 +0400 (MSK)
$$$PARSER START >>>>>  AD   - 100 - 07/02/2013 21:59:45.627056 +0400 (MSK)
UNKNOW ADDITIONAL COMMAND   - 405 - 07/02/2013 21:59:45.627199 +0400 (MSK)
$$$PARSER START >>>>> ADD   - 100 - 07/02/2013 21:59:52.908878 +0400 (MSK)
DB CONNECT OPEN             - 200 - 07/02/2013 21:59:52.913130 +0400 (MSK)
PARSE [1] #            RTS2 - 200 - 07/02/2013 21:59:52.913526 +0400 (MSK)
>>> SERVER:              OK - 200 - 07/02/2013 21:59:52.920891 +0400 (MSK)
>>> GET STRING: 00000000000 - 200 - 07/02/2013 21:59:52.920967 +0400 (MSK)
>>> WRITE ROW2DB: 000000000 - 200 - 07/02/2013 21:59:52.920992 +0400 (MSK)
DB CONNECT CLOSE            - 200 - 07/02/2013 21:59:52.921185 +0400 (MSK)
-->PARSER START >>>>> ADD   - 100 - 07/02/2013 22:01:24.499679 +0400 (MSK)
DB CONNECT OPEN             - 200 - 07/02/2013 22:01:24.503272 +0400 (MSK)
PARSE [1] #            RTS2 - 200 - 07/02/2013 22:01:24.503847 +0400 (MSK)
>>> SERVER:              OK - 200 - 07/02/2013 22:01:24.516506 +0400 (MSK)
>>> GET STRING: 00000000000 - 200 - 07/02/2013 22:01:24.516581 +0400 (MSK)
>>> WRITE ROW2DB: 000000000 - 200 - 07/02/2013 22:01:24.516611 +0400 (MSK)
DB CONNECT CLOSE            - 200 - 07/02/2013 22:01:24.516766 +0400 (MSK)
-->PARSER START >>>>> ADD   - 100 - 11/02/2013 19:18:23.357592 +0400 (MSK)
DB CONNECT OPEN             - 200 - 11/02/2013 19:18:23.376192 +0400 (MSK)
PARSE [1] #            RTS2 - 200 - 11/02/2013 19:18:23.388170 +0400 (MSK)
>>> SERVER:              OK - 200 - 11/02/2013 19:18:23.905410 +0400 (MSK)
>>> GET STRING: 00000000002 - 200 - 11/02/2013 19:18:23.905499 +0400 (MSK)
>>> WRITE ROW2DB: 000000002 - 200 - 11/02/2013 19:18:23.927187 +0400 (MSK)
DB CONNECT CLOSE            - 200 - 11/02/2013 19:18:23.954603 +0400 (MSK)
-->PARSER START >>>>> ADD   - 100 - 11/02/2013 19:18:34.426123 +0400 (MSK)
DB CONNECT OPEN             - 200 - 11/02/2013 19:18:34.426628 +0400 (MSK)
PARSE [1] #            RTSI - 200 - 11/02/2013 19:18:34.426884 +0400 (MSK)
>>> SERVER:              OK - 200 - 11/02/2013 19:18:34.643635 +0400 (MSK)
>>> GET STRING: 00000000001 - 200 - 11/02/2013 19:18:34.643729 +0400 (MSK)
>>> WRITE ROW2DB: 000000001 - 200 - 11/02/2013 19:18:34.664864 +0400 (MSK)
DB CONNECT CLOSE            - 200 - 11/02/2013 19:18:34.740194 +0400 (MSK)
-->PARSER START >>>>> ADD   - 100 - 11/02/2013 19:20:18.218195 +0400 (MSK)
DB CONNECT OPEN             - 200 - 11/02/2013 19:20:18.218794 +0400 (MSK)
PARSE [1] #           RTStl - 200 - 11/02/2013 19:20:18.219066 +0400 (MSK)
>>> SERVER:              OK - 200 - 11/02/2013 19:20:19.739932 +0400 (MSK)
>>> GET STRING: 00000000333 - 200 - 11/02/2013 19:20:19.754783 +0400 (MSK)
>>> WRITE ROW2DB: 000000333 - 200 - 11/02/2013 19:20:19.861056 +0400 (MSK)
DB CONNECT CLOSE            - 200 - 11/02/2013 19:20:19.898289 +0400 (MSK)
-->PARSER START >>>>> ADD   - 100 - 11/02/2013 19:21:20.157822 +0400 (MSK)
DB CONNECT OPEN             - 200 - 11/02/2013 19:21:20.158452 +0400 (MSK)
PARSE [1] #           RTSmm - 200 - 11/02/2013 19:21:20.158808 +0400 (MSK)
>>> SERVER:              OK - 200 - 11/02/2013 19:21:20.475478 +0400 (MSK)
>>> GET STRING: 00000000528 - 200 - 11/02/2013 19:21:20.480870 +0400 (MSK)
>>> WRITE ROW2DB: 000000528 - 200 - 11/02/2013 19:21:20.542781 +0400 (MSK)
DB CONNECT CLOSE            - 200 - 11/02/2013 19:21:20.578889 +0400 (MSK)
-->PARSER START >>>>> ADD   - 100 - 11/02/2013 19:22:06.491353 +0400 (MSK)
DB CONNECT OPEN             - 200 - 11/02/2013 19:22:06.491943 +0400 (MSK)
PARSE [1] #           RTSog - 200 - 11/02/2013 19:22:06.492190 +0400 (MSK)
>>> SERVER:              OK - 200 - 11/02/2013 19:22:07.106762 +0400 (MSK)
>>> GET STRING: 00000000528 - 200 - 11/02/2013 19:22:07.123157 +0400 (MSK)
>>> WRITE ROW2DB: 000000528 - 200 - 11/02/2013 19:22:07.179924 +0400 (MSK)
DB CONNECT CLOSE            - 200 - 11/02/2013 19:22:07.217110 +0400 (MSK)
-->PARSER START >>>>> ADD   - 100 - 11/02/2013 19:22:57.608894 +0400 (MSK)
DB CONNECT OPEN             - 200 - 11/02/2013 19:22:57.609358 +0400 (MSK)
PARSE [1] #           RTSin - 200 - 11/02/2013 19:22:57.609593 +0400 (MSK)
>>> SERVER:              OK - 200 - 11/02/2013 19:22:58.003607 +0400 (MSK)
>>> GET STRING: 00000000528 - 200 - 11/02/2013 19:22:58.009764 +0400 (MSK)
>>> WRITE ROW2DB: 000000528 - 200 - 11/02/2013 19:22:58.078280 +0400 (MSK)
DB CONNECT CLOSE            - 200 - 11/02/2013 19:22:58.122900 +0400 (MSK)
-->PARSER START >>>>> ADD   - 100 - 11/02/2013 19:23:56.303881 +0400 (MSK)
DB CONNECT OPEN             - 200 - 11/02/2013 19:23:56.304432 +0400 (MSK)
PARSE [1] #          RTSSIB - 200 - 11/02/2013 19:23:56.304714 +0400 (MSK)
>>> SERVER:              OK - 200 - 11/02/2013 19:23:56.734375 +0400 (MSK)
>>> GET STRING: 00000000528 - 200 - 11/02/2013 19:23:56.739023 +0400 (MSK)
>>> WRITE ROW2DB: 000000528 - 200 - 11/02/2013 19:23:56.896000 +0400 (MSK)
DB CONNECT CLOSE            - 200 - 11/02/2013 19:23:56.939559 +0400 (MSK)
-->PARSER START >>>>> ADD   - 100 - 11/02/2013 19:26:16.067142 +0400 (MSK)
DB CONNECT OPEN             - 200 - 11/02/2013 19:26:16.067567 +0400 (MSK)
PARSE [1] #          RTSSTD - 200 - 11/02/2013 19:26:16.067842 +0400 (MSK)
DBERR unsupported operand type(s) for +: 'NoneType' and 'str' - 403 - 11/02/2013 19:26:16.500957 +0400 (MSK)
-->PARSER START >>>>> ADD   - 100 - 11/02/2013 19:27:05.184761 +0400 (MSK)
DB CONNECT OPEN             - 200 - 11/02/2013 19:27:05.185277 +0400 (MSK)
PARSE [1] #           RTSfn - 200 - 11/02/2013 19:27:05.185639 +0400 (MSK)
>>> SERVER:              OK - 200 - 11/02/2013 19:27:05.500299 +0400 (MSK)
>>> GET STRING: 00000000528 - 200 - 11/02/2013 19:27:05.506251 +0400 (MSK)
>>> WRITE ROW2DB: 000000528 - 200 - 11/02/2013 19:27:05.616992 +0400 (MSK)
DB CONNECT CLOSE            - 200 - 11/02/2013 19:27:05.652071 +0400 (MSK)
-->PARSER START >>>>> ADD   - 100 - 11/02/2013 19:28:41.997035 +0400 (MSK)
DB CONNECT OPEN             - 200 - 11/02/2013 19:28:41.997543 +0400 (MSK)
PARSE [1] #           RTSeu - 200 - 11/02/2013 19:28:41.997854 +0400 (MSK)
>>> SERVER:              OK - 200 - 11/02/2013 19:28:42.395676 +0400 (MSK)
>>> GET STRING: 00000000528 - 200 - 11/02/2013 19:28:42.403413 +0400 (MSK)
>>> WRITE ROW2DB: 000000528 - 200 - 11/02/2013 19:28:42.544406 +0400 (MSK)
DB CONNECT CLOSE            - 200 - 11/02/2013 19:28:42.584493 +0400 (MSK)
-->PARSER START >>>>> ADD   - 100 - 11/02/2013 19:29:51.018301 +0400 (MSK)
DB CONNECT OPEN             - 200 - 11/02/2013 19:29:51.018776 +0400 (MSK)
PARSE [1] #           RTScr - 200 - 11/02/2013 19:29:51.019043 +0400 (MSK)
>>> SERVER:              OK - 200 - 11/02/2013 19:29:51.377382 +0400 (MSK)
>>> GET STRING: 00000000528 - 200 - 11/02/2013 19:29:51.383245 +0400 (MSK)
>>> WRITE ROW2DB: 000000528 - 200 - 11/02/2013 19:29:51.447459 +0400 (MSK)
DB CONNECT CLOSE            - 200 - 11/02/2013 19:29:51.480173 +0400 (MSK)
-->PARSER START >>>>> ADD   - 100 - 11/02/2013 19:29:58.226049 +0400 (MSK)
DB CONNECT OPEN             - 200 - 11/02/2013 19:29:58.226632 +0400 (MSK)
PARSE [1] #           RTScr - 200 - 11/02/2013 19:29:58.226883 +0400 (MSK)
>>> SERVER:              OK - 200 - 11/02/2013 19:29:58.282546 +0400 (MSK)
>>> GET STRING: 00000000000 - 200 - 11/02/2013 19:29:58.282627 +0400 (MSK)
>>> WRITE ROW2DB: 000000000 - 200 - 11/02/2013 19:29:58.282653 +0400 (MSK)
DB CONNECT CLOSE            - 200 - 11/02/2013 19:29:58.282806 +0400 (MSK)
-->PARSER START >>>>> ADD   - 100 - 11/02/2013 19:34:07.236479 +0400 (MSK)
DB CONNECT OPEN             - 200 - 11/02/2013 19:34:07.236997 +0400 (MSK)
PARSE [1] #          RTSSTD - 200 - 11/02/2013 19:34:07.237308 +0400 (MSK)
>>> SERVER:              OK - 200 - 11/02/2013 19:34:10.855075 +0400 (MSK)
>>> GET STRING: 00000000528 - 200 - 11/02/2013 19:34:10.860414 +0400 (MSK)
>>> WRITE ROW2DB: 000000528 - 200 - 11/02/2013 19:34:10.913622 +0400 (MSK)
DB CONNECT CLOSE            - 200 - 11/02/2013 19:34:10.955260 +0400 (MSK)
-->PARSER START >>>>> ADD   - 100 - 11/02/2013 19:36:59.630848 +0400 (MSK)
DB CONNECT OPEN             - 200 - 11/02/2013 19:36:59.631352 +0400 (MSK)
PARSE [1] #            RGBI - 200 - 11/02/2013 19:36:59.631646 +0400 (MSK)
>>> SERVER:              OK - 200 - 11/02/2013 19:36:59.944300 +0400 (MSK)
>>> GET STRING: 00000000527 - 200 - 11/02/2013 19:36:59.949232 +0400 (MSK)
DBERR could not convert string to float:  - 403 - 11/02/2013 19:37:00.051535 +0400 (MSK)
-->PARSER START >>>>> ADD   - 100 - 11/02/2013 19:37:47.004508 +0400 (MSK)
DB CONNECT OPEN             - 200 - 11/02/2013 19:37:47.005055 +0400 (MSK)
PARSE [1] #           RGBIG - 200 - 11/02/2013 19:37:47.005374 +0400 (MSK)
>>> SERVER:       Not Found - 404 - 11/02/2013 19:37:47.078722 +0400 (MSK)
>>> GET STRING: 00000000003 - 200 - 11/02/2013 19:37:47.078848 +0400 (MSK)
DBERR list index out of range - 403 - 11/02/2013 19:37:47.078885 +0400 (MSK)
-->PARSER START >>>>> ADD   - 100 - 11/02/2013 19:38:27.396785 +0400 (MSK)
DB CONNECT OPEN             - 200 - 11/02/2013 19:38:27.397217 +0400 (MSK)
PARSE [1] #           RGBIG - 200 - 11/02/2013 19:38:27.414163 +0400 (MSK)
>>> SERVER:       Not Found - 404 - 11/02/2013 19:38:27.422150 +0400 (MSK)
>>> GET STRING: 00000000003 - 200 - 11/02/2013 19:38:27.422217 +0400 (MSK)
DBERR list index out of range - 403 - 11/02/2013 19:38:27.422248 +0400 (MSK)
-->PARSER START >>>>> NEW   - 100 - 11/02/2013 19:38:40.569033 +0400 (MSK)
DB CONNECT OPEN             - 200 - 11/02/2013 19:38:40.569616 +0400 (MSK)
PARSE [1] #           RGBIG - 200 - 11/02/2013 19:38:40.569852 +0400 (MSK)
>>> SERVER:       Not Found - 404 - 11/02/2013 19:38:40.587069 +0400 (MSK)
>>> GET STRING: 00000000003 - 200 - 11/02/2013 19:38:40.587156 +0400 (MSK)
DBERR list index out of range - 403 - 11/02/2013 19:38:40.587188 +0400 (MSK)
-->PARSER START >>>>> NEW   - 100 - 11/02/2013 19:39:21.492451 +0400 (MSK)
DB CONNECT OPEN             - 200 - 11/02/2013 19:39:21.493047 +0400 (MSK)
PARSE [1] #           RGBIG - 200 - 11/02/2013 19:39:21.508658 +0400 (MSK)
>>> SERVER:              OK - 200 - 11/02/2013 19:39:22.137641 +0400 (MSK)
>>> GET STRING: 00000000929 - 200 - 11/02/2013 19:39:22.145050 +0400 (MSK)
DBERR could not convert string to float:  - 403 - 11/02/2013 19:39:22.239919 +0400 (MSK)
-->PARSER START >>>>> NEW   - 100 - 11/02/2013 19:39:32.316355 +0400 (MSK)
DB CONNECT OPEN             - 200 - 11/02/2013 19:39:32.316823 +0400 (MSK)
PARSE [1] #           RGBIG - 200 - 11/02/2013 19:39:32.317117 +0400 (MSK)
>>> SERVER:              OK - 200 - 11/02/2013 19:39:33.040967 +0400 (MSK)
>>> GET STRING: 00000000929 - 200 - 11/02/2013 19:39:33.046056 +0400 (MSK)
DBERR could not convert string to float:  - 403 - 11/02/2013 19:39:33.099249 +0400 (MSK)
-->PARSER START >>>>> ADD   - 100 - 11/02/2013 19:39:39.428500 +0400 (MSK)
DB CONNECT OPEN             - 200 - 11/02/2013 19:39:39.428927 +0400 (MSK)
PARSE [1] #           RGBIG - 200 - 11/02/2013 19:39:39.429138 +0400 (MSK)
>>> SERVER:              OK - 200 - 11/02/2013 19:39:39.772615 +0400 (MSK)
>>> GET STRING: 00000000527 - 200 - 11/02/2013 19:39:39.778601 +0400 (MSK)
DBERR could not convert string to float:  - 403 - 11/02/2013 19:39:39.875234 +0400 (MSK)
-->PARSER START >>>>> ADD   - 100 - 11/02/2013 19:40:14.620727 +0400 (MSK)
DB CONNECT OPEN             - 200 - 11/02/2013 19:40:14.621148 +0400 (MSK)
PARSE [1] #           RGBIG - 200 - 11/02/2013 19:40:14.621395 +0400 (MSK)
>>> SERVER:              OK - 200 - 11/02/2013 19:40:14.629862 +0400 (MSK)
>>> GET STRING: 00000000527 - 200 - 11/02/2013 19:40:14.632527 +0400 (MSK)
DBERR could not convert string to float:  - 403 - 11/02/2013 19:40:14.681322 +0400 (MSK)
-->PARSER START >>>>> UPD   - 100 - 11/02/2013 19:40:21.568053 +0400 (MSK)
DB CONNECT OPEN             - 200 - 11/02/2013 19:40:21.568582 +0400 (MSK)
>>> DELETED 00000000402 ROW - 200 - 11/02/2013 19:40:21.684627 +0400 (MSK)
PARSE [1] #           RGBIG - 200 - 11/02/2013 19:40:21.684841 +0400 (MSK)
>>> SERVER:              OK - 200 - 11/02/2013 19:40:21.694091 +0400 (MSK)
>>> GET STRING: 00000000929 - 200 - 11/02/2013 19:40:21.700851 +0400 (MSK)
DBERR could not convert string to float:  - 403 - 11/02/2013 19:40:21.974526 +0400 (MSK)
-->PARSER START >>>>> ADD   - 100 - 11/02/2013 19:40:28.009718 +0400 (MSK)
DB CONNECT OPEN             - 200 - 11/02/2013 19:40:28.010159 +0400 (MSK)
PARSE [1] #           RGBIG - 200 - 11/02/2013 19:40:28.010405 +0400 (MSK)
>>> SERVER:              OK - 200 - 11/02/2013 19:40:28.018790 +0400 (MSK)
>>> GET STRING: 00000000527 - 200 - 11/02/2013 19:40:28.021790 +0400 (MSK)
DBERR could not convert string to float:  - 403 - 11/02/2013 19:40:28.090980 +0400 (MSK)
-->PARSER START >>>>> DEL   - 100 - 11/02/2013 19:51:33.387494 +0400 (MSK)
DB CONNECT OPEN             - 200 - 11/02/2013 19:51:33.388138 +0400 (MSK)
>>> DELETED 00000000402 ROW - 200 - 11/02/2013 19:51:33.436060 +0400 (MSK)
DB CONNECT CLOSE            - 200 - 11/02/2013 19:51:33.508239 +0400 (MSK)
-->PARSER START >>>>> ADD   - 100 - 11/02/2013 19:51:40.868664 +0400 (MSK)
DB CONNECT OPEN             - 200 - 11/02/2013 19:51:40.869125 +0400 (MSK)
PARSE [1] #           RGBIG - 200 - 11/02/2013 19:51:40.869380 +0400 (MSK)
>>> SERVER:              OK - 200 - 11/02/2013 19:51:40.880774 +0400 (MSK)
>>> GET STRING: 00000000929 - 200 - 11/02/2013 19:51:40.886375 +0400 (MSK)
DBERR could not convert string to float:  - 403 - 11/02/2013 19:51:41.005322 +0400 (MSK)
-->PARSER START >>>>> ADD   - 100 - 11/02/2013 19:58:27.820324 +0400 (MSK)
DB CONNECT OPEN             - 200 - 11/02/2013 19:58:27.823388 +0400 (MSK)
PARSE [1] #           RGBIG - 200 - 11/02/2013 19:58:27.823779 +0400 (MSK)
>>> SERVER:              OK - 200 - 11/02/2013 19:58:28.501103 +0400 (MSK)
>>> GET STRING: 00000000930 - 200 - 11/02/2013 19:58:28.522354 +0400 (MSK)
DBERR could not convert string to float:  - 403 - 11/02/2013 19:58:28.592150 +0400 (MSK)
-->PARSER START >>>>> ADD   - 100 - 11/02/2013 19:58:45.896622 +0400 (MSK)
DB CONNECT OPEN             - 200 - 11/02/2013 19:58:45.899712 +0400 (MSK)
PARSE [1] #           RGBIG - 200 - 11/02/2013 19:58:45.900074 +0400 (MSK)
>>> SERVER:              OK - 200 - 11/02/2013 19:58:45.908124 +0400 (MSK)
>>> GET STRING: 00000000930 - 200 - 11/02/2013 19:58:45.912873 +0400 (MSK)
DBERR could not convert string to float:  - 403 - 11/02/2013 19:58:45.980638 +0400 (MSK)
-->PARSER START >>>>> ADD   - 100 - 11/02/2013 20:00:24.841708 +0400 (MSK)
DB CONNECT OPEN             - 200 - 11/02/2013 20:00:24.842249 +0400 (MSK)
PARSE [1] #           RGBIG - 200 - 11/02/2013 20:00:24.842507 +0400 (MSK)
>>> SERVER:              OK - 200 - 11/02/2013 20:00:24.852833 +0400 (MSK)
>>> GET STRING: 00000000930 - 200 - 11/02/2013 20:00:24.857877 +0400 (MSK)
DBERR could not convert string to float:  - 403 - 11/02/2013 20:00:24.926396 +0400 (MSK)
-->PARSER START >>>>> DEL   - 100 - 11/02/2013 20:00:40.948883 +0400 (MSK)
DB CONNECT OPEN             - 200 - 11/02/2013 20:00:40.949339 +0400 (MSK)
>>> DELETED 00000000000 ROW - 200 - 11/02/2013 20:00:40.949570 +0400 (MSK)
DB CONNECT CLOSE            - 200 - 11/02/2013 20:00:40.949660 +0400 (MSK)
-->PARSER START >>>>> UPD   - 100 - 11/02/2013 20:00:50.404167 +0400 (MSK)
DB CONNECT OPEN             - 200 - 11/02/2013 20:00:50.404735 +0400 (MSK)
>>> DELETED 00000000000 ROW - 200 - 11/02/2013 20:00:50.404950 +0400 (MSK)
PARSE [1] #           RGBIG - 200 - 11/02/2013 20:00:50.405185 +0400 (MSK)
>>> SERVER:              OK - 200 - 11/02/2013 20:00:50.411186 +0400 (MSK)
>>> GET STRING: 00000000930 - 200 - 11/02/2013 20:00:50.416389 +0400 (MSK)
DBERR could not convert string to float:  - 403 - 11/02/2013 20:00:50.487498 +0400 (MSK)
-->PARSER START >>>>> ADD   - 100 - 11/02/2013 20:46:10.043681 +0400 (MSK)
DB CONNECT OPEN             - 200 - 11/02/2013 20:46:10.108054 +0400 (MSK)
PARSE [1] #           RGBIG - 200 - 11/02/2013 20:46:10.108464 +0400 (MSK)
>>> SERVER:              OK - 200 - 11/02/2013 20:46:10.729965 +0400 (MSK)
>>> GET STRING: 00000000930 - 200 - 11/02/2013 20:46:10.740766 +0400 (MSK)
>>> WRITE ROW2DB: 000000930 - 200 - 11/02/2013 20:46:10.808097 +0400 (MSK)
DB CONNECT CLOSE            - 200 - 11/02/2013 20:46:10.850036 +0400 (MSK)
-->PARSER START >>>>> ADD   - 100 - 11/02/2013 20:48:22.299925 +0400 (MSK)
DB CONNECT OPEN             - 200 - 11/02/2013 20:48:22.300611 +0400 (MSK)
PARSE [1] #    MICEX10INDEX - 200 - 11/02/2013 20:48:22.302563 +0400 (MSK)
>>> SERVER:              OK - 200 - 11/02/2013 20:48:22.912672 +0400 (MSK)
>>> GET STRING: 00000000528 - 200 - 11/02/2013 20:48:22.926552 +0400 (MSK)
>>> WRITE ROW2DB: 000000528 - 200 - 11/02/2013 20:48:22.964275 +0400 (MSK)
DB CONNECT CLOSE            - 200 - 11/02/2013 20:48:23.005263 +0400 (MSK)
-->PARSER START >>>>> ADD   - 100 - 11/02/2013 20:49:52.162125 +0400 (MSK)
DB CONNECT OPEN             - 200 - 11/02/2013 20:49:52.162608 +0400 (MSK)
PARSE [1] #      MICEXCBICP - 200 - 11/02/2013 20:49:52.162879 +0400 (MSK)
>>> SERVER:              OK - 200 - 11/02/2013 20:49:52.486048 +0400 (MSK)
>>> GET STRING: 00000000528 - 200 - 11/02/2013 20:49:52.491847 +0400 (MSK)
>>> WRITE ROW2DB: 000000528 - 200 - 11/02/2013 20:49:52.547575 +0400 (MSK)
DB CONNECT CLOSE            - 200 - 11/02/2013 20:49:52.606593 +0400 (MSK)
